D:\Програмування С++\Мої\LUXSOFT\CRAZYTANKS\CRAZYTANK\CRAZYTANK\DEBUG\CRAZYTANK.PCH
D:\Програмування С++\Мої\LUXSOFT\CRAZYTANKS\CRAZYTANK\CRAZYTANK\DEBUG\STDAFX.OBJ
D:\ПРОГРАМУВАННЯ С++\МОЇ\LUXSOFT\CRAZYTANKS\CRAZYTANK\CRAZYTANK\DEBUG\VC110.PDB
D:\Програмування С++\Мої\LUXSOFT\CRAZYTANKS\CRAZYTANK\CRAZYTANK\DEBUG\CRAZYTANK.OBJ
D:\Програмування С++\Мої\LUXSOFT\CRAZYTANKS\CRAZYTANK\DEBUG\CRAZYTANK.ILK
D:\Програмування С++\Мої\LUXSOFT\CRAZYTANKS\CRAZYTANK\DEBUG\CRAZYTANK.EXE
D:\ПРОГРАМУВАННЯ С++\МОЇ\LUXSOFT\CRAZYTANKS\CRAZYTANK\DEBUG\CRAZYTANK.PDB
D:\Програмування С++\Мої\Luxsoft\CrazyTanks\CrazyTank\CrazyTank\Debug\CrazyTank.obj
D:\Програмування С++\Мої\Luxsoft\CrazyTanks\CrazyTank\CrazyTank\Debug\stdafx.obj
D:\Програмування С++\Мої\Luxsoft\CrazyTanks\CrazyTank\CrazyTank\Debug\cl.command.1.tlog
D:\Програмування С++\Мої\Luxsoft\CrazyTanks\CrazyTank\CrazyTank\Debug\CL.read.1.tlog
D:\Програмування С++\Мої\Luxsoft\CrazyTanks\CrazyTank\CrazyTank\Debug\CL.write.1.tlog
D:\Програмування С++\Мої\Luxsoft\CrazyTanks\CrazyTank\CrazyTank\Debug\link-cvtres.read.1.tlog
D:\Програмування С++\Мої\Luxsoft\CrazyTanks\CrazyTank\CrazyTank\Debug\link-cvtres.write.1.tlog
D:\Програмування С++\Мої\Luxsoft\CrazyTanks\CrazyTank\CrazyTank\Debug\link-rc.read.1.tlog
D:\Програмування С++\Мої\Luxsoft\CrazyTanks\CrazyTank\CrazyTank\Debug\link-rc.write.1.tlog
D:\Програмування С++\Мої\Luxsoft\CrazyTanks\CrazyTank\CrazyTank\Debug\link.40892-cvtres.read.1.tlog
D:\Програмування С++\Мої\Luxsoft\CrazyTanks\CrazyTank\CrazyTank\Debug\link.40892-cvtres.write.1.tlog
D:\Програмування С++\Мої\Luxsoft\CrazyTanks\CrazyTank\CrazyTank\Debug\link.40892-rc.read.1.tlog
D:\Програмування С++\Мої\Luxsoft\CrazyTanks\CrazyTank\CrazyTank\Debug\link.40892-rc.write.1.tlog
D:\Програмування С++\Мої\Luxsoft\CrazyTanks\CrazyTank\CrazyTank\Debug\link.40892.read.1.tlog
D:\Програмування С++\Мої\Luxsoft\CrazyTanks\CrazyTank\CrazyTank\Debug\link.40892.write.1.tlog
D:\Програмування С++\Мої\Luxsoft\CrazyTanks\CrazyTank\CrazyTank\Debug\link.43516-cvtres.read.1.tlog
D:\Програмування С++\Мої\Luxsoft\CrazyTanks\CrazyTank\CrazyTank\Debug\link.43516-cvtres.write.1.tlog
D:\Програмування С++\Мої\Luxsoft\CrazyTanks\CrazyTank\CrazyTank\Debug\link.43516-rc.read.1.tlog
D:\Програмування С++\Мої\Luxsoft\CrazyTanks\CrazyTank\CrazyTank\Debug\link.43516-rc.write.1.tlog
D:\Програмування С++\Мої\Luxsoft\CrazyTanks\CrazyTank\CrazyTank\Debug\link.43516.read.1.tlog
D:\Програмування С++\Мої\Luxsoft\CrazyTanks\CrazyTank\CrazyTank\Debug\link.43516.write.1.tlog
D:\Програмування С++\Мої\Luxsoft\CrazyTanks\CrazyTank\CrazyTank\Debug\link.44292-cvtres.read.1.tlog
D:\Програмування С++\Мої\Luxsoft\CrazyTanks\CrazyTank\CrazyTank\Debug\link.44292-cvtres.write.1.tlog
D:\Програмування С++\Мої\Luxsoft\CrazyTanks\CrazyTank\CrazyTank\Debug\link.44292-rc.read.1.tlog
D:\Програмування С++\Мої\Luxsoft\CrazyTanks\CrazyTank\CrazyTank\Debug\link.44292-rc.write.1.tlog
D:\Програмування С++\Мої\Luxsoft\CrazyTanks\CrazyTank\CrazyTank\Debug\link.44292.read.1.tlog
D:\Програмування С++\Мої\Luxsoft\CrazyTanks\CrazyTank\CrazyTank\Debug\link.44292.write.1.tlog
D:\Програмування С++\Мої\Luxsoft\CrazyTanks\CrazyTank\CrazyTank\Debug\link.45352-cvtres.read.1.tlog
D:\Програмування С++\Мої\Luxsoft\CrazyTanks\CrazyTank\CrazyTank\Debug\link.45352-cvtres.write.1.tlog
D:\Програмування С++\Мої\Luxsoft\CrazyTanks\CrazyTank\CrazyTank\Debug\link.45352-rc.read.1.tlog
D:\Програмування С++\Мої\Luxsoft\CrazyTanks\CrazyTank\CrazyTank\Debug\link.45352-rc.write.1.tlog
D:\Програмування С++\Мої\Luxsoft\CrazyTanks\CrazyTank\CrazyTank\Debug\link.45352.read.1.tlog
D:\Програмування С++\Мої\Luxsoft\CrazyTanks\CrazyTank\CrazyTank\Debug\link.45352.write.1.tlog
D:\Програмування С++\Мої\Luxsoft\CrazyTanks\CrazyTank\CrazyTank\Debug\link.45840-cvtres.read.1.tlog
D:\Програмування С++\Мої\Luxsoft\CrazyTanks\CrazyTank\CrazyTank\Debug\link.45840-cvtres.write.1.tlog
D:\Програмування С++\Мої\Luxsoft\CrazyTanks\CrazyTank\CrazyTank\Debug\link.45840-rc.read.1.tlog
D:\Програмування С++\Мої\Luxsoft\CrazyTanks\CrazyTank\CrazyTank\Debug\link.45840-rc.write.1.tlog
D:\Програмування С++\Мої\Luxsoft\CrazyTanks\CrazyTank\CrazyTank\Debug\link.45840.read.1.tlog
D:\Програмування С++\Мої\Luxsoft\CrazyTanks\CrazyTank\CrazyTank\Debug\link.45840.write.1.tlog
D:\Програмування С++\Мої\Luxsoft\CrazyTanks\CrazyTank\CrazyTank\Debug\link.49564-cvtres.read.1.tlog
D:\Програмування С++\Мої\Luxsoft\CrazyTanks\CrazyTank\CrazyTank\Debug\link.49564-cvtres.write.1.tlog
D:\Програмування С++\Мої\Luxsoft\CrazyTanks\CrazyTank\CrazyTank\Debug\link.49564-rc.read.1.tlog
D:\Програмування С++\Мої\Luxsoft\CrazyTanks\CrazyTank\CrazyTank\Debug\link.49564-rc.write.1.tlog
D:\Програмування С++\Мої\Luxsoft\CrazyTanks\CrazyTank\CrazyTank\Debug\link.49564.read.1.tlog
D:\Програмування С++\Мої\Luxsoft\CrazyTanks\CrazyTank\CrazyTank\Debug\link.49564.write.1.tlog
D:\Програмування С++\Мої\Luxsoft\CrazyTanks\CrazyTank\CrazyTank\Debug\link.command.1.tlog
D:\Програмування С++\Мої\Luxsoft\CrazyTanks\CrazyTank\CrazyTank\Debug\link.read.1.tlog
D:\Програмування С++\Мої\Luxsoft\CrazyTanks\CrazyTank\CrazyTank\Debug\link.write.1.tlog
D:\Програмування С++\Мої\Luxsoft\CrazyTanks\CrazyTank\CrazyTank\Debug\CrazyTank.pch
D:\Програмування С++\Мої\Luxsoft\CrazyTanks\CrazyTank\CrazyTank\Debug\vc110.idb
D:\Програмування С++\Мої\Luxsoft\CrazyTanks\CrazyTank\CrazyTank\Debug\vc110.pdb
D:\Програмування С++\Мої\Luxsoft\CrazyTanks\CrazyTank\Debug\CrazyTank.pdb
D:\Програмування С++\Мої\Luxsoft\CrazyTanks\CrazyTank\Debug\CrazyTank.exe
D:\Програмування С++\Мої\Luxsoft\CrazyTanks\CrazyTank\Debug\CrazyTank.ilk
